
Juxtapy Testing Report
2016-03-04 05:18:03 -0800
=========================================

Test Report
test directory comparison passes ... ok
test directory comparison fails ... ok
test file comparison passes ... ok
test file comparison fails ... ok
test index.html ... ok

Name            Stmts   Miss Branch BrMiss  Cover   Missing
-----------------------------------------------------------
juxtapy            11      0      0      0   100%   
juxtapy.juxta     165      5     68     13    92%   306-307, 316-317, 375
tests               1      0      0      0   100%   
tests.test         31      0      0      0   100%   
-----------------------------------------------------------
TOTAL             208      5     68     13    93%   
----------------------------------------------------------------------
Ran 5 tests in 0.026s

OK
